<?xml version="1.0" encoding="UTF-8"?>
<testng-results ignored="0" total="2" passed="2" failed="0" skipped="0">
  <reporter-output>
  </reporter-output>
  <suite started-at="2023-09-21T10:48:48 IST" name="Default suite" finished-at="2023-09-21T10:49:19 IST" duration-ms="30743">
    <groups>
    </groups>
    <test started-at="2023-09-21T10:48:48 IST" name="Default test" finished-at="2023-09-21T10:49:19 IST" duration-ms="30743">
      <class name="Q5.Q5.Q5TestNG">
        <test-method is-config="true" signature="setUp()[pri:0, instance:Q5.Q5.Q5TestNG@4fb61f4a]" started-at="2023-09-21T10:48:48 IST" name="setUp" finished-at="2023-09-21T10:48:56 IST" duration-ms="7778" status="PASS">
          <reporter-output>
          </reporter-output>
        </test-method> <!-- setUp -->
        <test-method signature="verifyLogo()[pri:0, instance:Q5.Q5.Q5TestNG@4fb61f4a]" started-at="2023-09-21T10:48:56 IST" name="verifyLogo" finished-at="2023-09-21T10:48:57 IST" duration-ms="418" status="PASS">
          <reporter-output>
          </reporter-output>
        </test-method> <!-- verifyLogo -->
        <test-method is-config="true" signature="setUp()[pri:0, instance:Q5.Q5.Q5TestNG@4fb61f4a]" started-at="2023-09-21T10:48:57 IST" name="setUp" finished-at="2023-09-21T10:49:04 IST" duration-ms="7260" status="PASS">
          <reporter-output>
          </reporter-output>
        </test-method> <!-- setUp -->
        <test-method is-config="true" signature="tearDown()[pri:0, instance:Q5.Q5.Q5TestNG@4fb61f4a]" started-at="2023-09-21T10:48:57 IST" name="tearDown" finished-at="2023-09-21T10:48:57 IST" duration-ms="0" status="PASS">
          <reporter-output>
          </reporter-output>
        </test-method> <!-- tearDown -->
        <test-method signature="mmtFlights()[pri:1, instance:Q5.Q5.Q5TestNG@4fb61f4a]" started-at="2023-09-21T10:49:04 IST" name="mmtFlights" finished-at="2023-09-21T10:49:19 IST" duration-ms="15246" status="PASS">
          <reporter-output>
          </reporter-output>
        </test-method> <!-- mmtFlights -->
        <test-method is-config="true" signature="tearDown()[pri:0, instance:Q5.Q5.Q5TestNG@4fb61f4a]" started-at="2023-09-21T10:49:19 IST" name="tearDown" finished-at="2023-09-21T10:49:19 IST" duration-ms="0" status="PASS">
          <reporter-output>
          </reporter-output>
        </test-method> <!-- tearDown -->
      </class> <!-- Q5.Q5.Q5TestNG -->
    </test> <!-- Default test -->
  </suite> <!-- Default suite -->
</testng-results>
